=2017-05-25 14:22:34,729(dd/MM/yyyy HH:mm:ss) devpinoyLogger ClassName==>  Logintest   MethodName ==> logintoApp   Message==> login to Application Starts
=2017-05-25 15:36:26,385(dd/MM/yyyy HH:mm:ss) devpinoyLogger ClassName==>  Logintest   MethodName ==> logintoApp   Message==> login to Application Starts
=2017-06-05 17:06:03,794(dd/MM/yyyy HH:mm:ss) devpinoyLogger ClassName==>  Logintest   MethodName ==> logintoApp   Message==> login to Application Starts
=2017-06-05 17:06:03,795(dd/MM/yyyy HH:mm:ss) devpinoyLogger ClassName==>  Logintest   MethodName ==> logintoApp   Message==> login Starts
=2017-06-05 17:06:48,710(dd/MM/yyyy HH:mm:ss) devpinoyLogger ClassName==>  raiseTicket   MethodName ==> isExecuatable   Message==> Samsung Tab White , android , 6.0.1 , android , com.trigent.empconnect , com.trigent.empconnect.Activities.SplashScreenActivity
=2017-06-06 12:18:36,165(dd/MM/yyyy HH:mm:ss) devpinoyLogger ClassName==>  Logintest   MethodName ==> logintoApp   Message==> login to Application Starts
=2017-06-06 12:18:36,182(dd/MM/yyyy HH:mm:ss) devpinoyLogger ClassName==>  Logintest   MethodName ==> logintoApp   Message==> login Starts
=2017-06-06 12:19:20,821(dd/MM/yyyy HH:mm:ss) devpinoyLogger ClassName==>  RaiseTicketPage   MethodName ==> raiseTicket   Message==> Samsung Tab White , android , 6.0.1 , android , com.trigent.empconnect , com.trigent.empconnect.Activities.SplashScreenActivity
=2017-06-06 12:21:28,322(dd/MM/yyyy HH:mm:ss) devpinoyLogger ClassName==>  Logintest   MethodName ==> logintoApp   Message==> login to Application Starts
=2017-06-06 12:21:28,323(dd/MM/yyyy HH:mm:ss) devpinoyLogger ClassName==>  Logintest   MethodName ==> logintoApp   Message==> login Starts
=2017-06-06 12:22:12,786(dd/MM/yyyy HH:mm:ss) devpinoyLogger ClassName==>  RaiseTicketPage   MethodName ==> raiseTicket   Message==> Samsung Tab White , android , 6.0.1 , android , com.trigent.empconnect , com.trigent.empconnect.Activities.SplashScreenActivity
=2017-06-23 17:05:23,130(dd/MM/yyyy HH:mm:ss) devpinoyLogger ClassName==>  Logintest   MethodName ==> logintoApp   Message==> login to Application Starts
=2017-06-23 17:05:23,186(dd/MM/yyyy HH:mm:ss) devpinoyLogger ClassName==>  Logintest   MethodName ==> logintoApp   Message==> login Starts
=2017-06-23 17:06:00,442(dd/MM/yyyy HH:mm:ss) devpinoyLogger ClassName==>  RaiseTicketPage   MethodName ==> raiseTicket   Message==> Samsung Tab White , android , 6.0.1 , android , com.trigent.empconnect
=2017-06-27 16:01:07,519(dd/MM/yyyy HH:mm:ss) devpinoyLogger ClassName==>  Logintest   MethodName ==> logintoApp   Message==> login to Application Starts
=2017-06-27 16:01:07,535(dd/MM/yyyy HH:mm:ss) devpinoyLogger ClassName==>  Logintest   MethodName ==> logintoApp   Message==> login Starts
=2017-06-27 16:01:43,850(dd/MM/yyyy HH:mm:ss) devpinoyLogger ClassName==>  RaiseTicketPage   MethodName ==> raiseTicket   Message==> Samsung Tab White , android , 6.0.1 , android , com.trigent.empconnect
=2017-06-27 16:08:16,934(dd/MM/yyyy HH:mm:ss) devpinoyLogger ClassName==>  Logintest   MethodName ==> logintoApp   Message==> login to Application Starts
=2017-06-27 16:08:16,934(dd/MM/yyyy HH:mm:ss) devpinoyLogger ClassName==>  Logintest   MethodName ==> logintoApp   Message==> login Starts
=2017-06-27 16:08:54,601(dd/MM/yyyy HH:mm:ss) devpinoyLogger ClassName==>  RaiseTicketPage   MethodName ==> raiseTicket   Message==> Samsung Tab White , android , 6.0.1 , android , com.trigent.empconnect
=2017-06-27 16:11:17,430(dd/MM/yyyy HH:mm:ss) devpinoyLogger ClassName==>  Logintest   MethodName ==> logintoApp   Message==> login to Application Starts
=2017-06-27 16:11:17,431(dd/MM/yyyy HH:mm:ss) devpinoyLogger ClassName==>  Logintest   MethodName ==> logintoApp   Message==> login Starts
=2017-06-27 16:11:54,614(dd/MM/yyyy HH:mm:ss) devpinoyLogger ClassName==>  RaiseTicketPage   MethodName ==> raiseTicket   Message==> Samsung Tab White , android , 6.0.1 , android , com.trigent.empconnect
=2017-07-13 13:37:57,165(dd/MM/yyyy HH:mm:ss) devpinoyLogger ClassName==>  Logintest   MethodName ==> logintoApp   Message==> login to Application Starts
=2017-07-13 13:37:57,174(dd/MM/yyyy HH:mm:ss) devpinoyLogger ClassName==>  Logintest   MethodName ==> logintoApp   Message==> login Starts
=2017-07-13 13:41:57,453(dd/MM/yyyy HH:mm:ss) devpinoyLogger ClassName==>  Logintest   MethodName ==> logintoApp   Message==> login to Application Starts
=2017-07-13 13:41:57,468(dd/MM/yyyy HH:mm:ss) devpinoyLogger ClassName==>  Logintest   MethodName ==> logintoApp   Message==> login Starts
=2017-07-13 13:42:47,201(dd/MM/yyyy HH:mm:ss) devpinoyLogger ClassName==>  RaiseTicketPage   MethodName ==> raiseTicket   Message==> Samsung Tab White , android , 6.0.1 , android , com.trigent.empconnect
=2017-07-13 13:47:36,530(dd/MM/yyyy HH:mm:ss) devpinoyLogger ClassName==>  Logintest   MethodName ==> logintoApp   Message==> login to Application Starts
=2017-07-13 13:47:36,531(dd/MM/yyyy HH:mm:ss) devpinoyLogger ClassName==>  Logintest   MethodName ==> logintoApp   Message==> login Starts
=2017-07-13 13:47:56,065(dd/MM/yyyy HH:mm:ss) devpinoyLogger ClassName==>  Logintest   MethodName ==> logintoApp   Message==> login to Application Starts
=2017-07-13 13:47:56,065(dd/MM/yyyy HH:mm:ss) devpinoyLogger ClassName==>  Logintest   MethodName ==> logintoApp   Message==> login Starts
=2017-07-13 13:48:44,155(dd/MM/yyyy HH:mm:ss) devpinoyLogger ClassName==>  RaiseTicketPage   MethodName ==> raiseTicket   Message==> Samsung Tab White , android , 6.0.1 , android , com.trigent.empconnect
=2017-07-13 13:51:03,999(dd/MM/yyyy HH:mm:ss) devpinoyLogger ClassName==>  Logintest   MethodName ==> logintoApp   Message==> login to Application Starts
=2017-07-13 13:51:04,013(dd/MM/yyyy HH:mm:ss) devpinoyLogger ClassName==>  Logintest   MethodName ==> logintoApp   Message==> login Starts
=2017-07-13 13:51:25,190(dd/MM/yyyy HH:mm:ss) devpinoyLogger ClassName==>  Logintest   MethodName ==> logintoApp   Message==> login to Application Starts
=2017-07-13 13:51:25,190(dd/MM/yyyy HH:mm:ss) devpinoyLogger ClassName==>  Logintest   MethodName ==> logintoApp   Message==> login Starts
=2017-07-13 13:52:13,824(dd/MM/yyyy HH:mm:ss) devpinoyLogger ClassName==>  RaiseTicketPage   MethodName ==> raiseTicket   Message==> Samsung Tab White , android , 6.0.1 , android , com.trigent.empconnect
=2017-07-13 13:53:50,979(dd/MM/yyyy HH:mm:ss) devpinoyLogger ClassName==>  Logintest   MethodName ==> logintoApp   Message==> login to Application Starts
=2017-07-13 13:53:50,980(dd/MM/yyyy HH:mm:ss) devpinoyLogger ClassName==>  Logintest   MethodName ==> logintoApp   Message==> login Starts
=2017-07-13 13:54:09,438(dd/MM/yyyy HH:mm:ss) devpinoyLogger ClassName==>  Logintest   MethodName ==> logintoApp   Message==> login to Application Starts
=2017-07-13 13:54:09,438(dd/MM/yyyy HH:mm:ss) devpinoyLogger ClassName==>  Logintest   MethodName ==> logintoApp   Message==> login Starts
=2017-07-13 13:54:35,183(dd/MM/yyyy HH:mm:ss) devpinoyLogger ClassName==>  RaiseTicketPage   MethodName ==> raiseTicket   Message==> Samsung Tab White , android , 6.0.1 , android , com.trigent.empconnect
=2017-07-13 13:54:59,922(dd/MM/yyyy HH:mm:ss) devpinoyLogger ClassName==>  RaiseTicketPage   MethodName ==> raiseTicket   Message==> Samsung Tab White , android , 6.0.1 , android , com.trigent.empconnect
=2017-07-13 15:48:39,140(dd/MM/yyyy HH:mm:ss) devpinoyLogger ClassName==>  Logintest   MethodName ==> logintoApp   Message==> login to Application Starts
=2017-07-13 15:48:39,141(dd/MM/yyyy HH:mm:ss) devpinoyLogger ClassName==>  Logintest   MethodName ==> logintoApp   Message==> login Starts
=2017-07-13 15:49:00,227(dd/MM/yyyy HH:mm:ss) devpinoyLogger ClassName==>  Logintest   MethodName ==> logintoApp   Message==> login to Application Starts
=2017-07-13 15:49:00,227(dd/MM/yyyy HH:mm:ss) devpinoyLogger ClassName==>  Logintest   MethodName ==> logintoApp   Message==> login Starts
=2017-07-13 15:54:32,511(dd/MM/yyyy HH:mm:ss) devpinoyLogger ClassName==>  Logintest   MethodName ==> logintoApp   Message==> login to Application Starts
=2017-07-13 15:54:32,511(dd/MM/yyyy HH:mm:ss) devpinoyLogger ClassName==>  Logintest   MethodName ==> logintoApp   Message==> login Starts
=2017-07-13 15:54:53,670(dd/MM/yyyy HH:mm:ss) devpinoyLogger ClassName==>  Logintest   MethodName ==> logintoApp   Message==> login to Application Starts
=2017-07-13 15:54:53,670(dd/MM/yyyy HH:mm:ss) devpinoyLogger ClassName==>  Logintest   MethodName ==> logintoApp   Message==> login Starts
=2017-07-13 16:00:36,846(dd/MM/yyyy HH:mm:ss) devpinoyLogger ClassName==>  Logintest   MethodName ==> logintoApp   Message==> login to Application Starts
=2017-07-13 16:00:36,847(dd/MM/yyyy HH:mm:ss) devpinoyLogger ClassName==>  Logintest   MethodName ==> logintoApp   Message==> login Starts
=2017-07-13 16:00:56,785(dd/MM/yyyy HH:mm:ss) devpinoyLogger ClassName==>  Logintest   MethodName ==> logintoApp   Message==> login to Application Starts
=2017-07-13 16:00:56,785(dd/MM/yyyy HH:mm:ss) devpinoyLogger ClassName==>  Logintest   MethodName ==> logintoApp   Message==> login Starts
